[2018-05-08 12:03:52] [INFO] 启动谷歌驱动
[2018-05-08 12:03:56] [INFO] 打开网址http://127.0.0.1/upload
[2018-05-08 12:03:57] [INFO] 找到元素 id: ls_username
[2018-05-08 12:03:57] [INFO] 成功清空
[2018-05-08 12:03:57] [INFO] 找到元素 id: ls_username
[2018-05-08 12:03:57] [INFO] 输入成功
[2018-05-08 12:03:57] [INFO] 找到元素 id: ls_password
[2018-05-08 12:03:57] [INFO] 成功清空
[2018-05-08 12:03:57] [INFO] 找到元素 id: ls_password
[2018-05-08 12:03:57] [INFO] 输入成功
[2018-05-08 12:03:57] [INFO] 找到元素 xpath: //*[@id="lsform"]/div/div/table/tbody/tr[2]/td[3]/button
[2018-05-08 12:03:57] [INFO] 点击成功
[2018-05-08 12:04:03] [INFO] 找到元素 xpath: //*[@id="category_1"]/table/tbody/tr[1]/td[2]/h2/a
[2018-05-08 12:04:04] [INFO] 点击成功
[2018-05-08 12:04:06] [INFO] 找到元素 name: moderate[]
[2018-05-08 12:04:06] [INFO] 点击成功
[2018-05-08 12:04:09] [INFO] 找到元素 xpath: //*[@id="mdly"]/p[1]/strong[1]/a
[2018-05-08 12:04:09] [INFO] 点击成功
[2018-05-08 12:04:12] [INFO] 找到元素 id: reason
[2018-05-08 12:04:12] [INFO] 成功清空
[2018-05-08 12:04:12] [INFO] 找到元素 id: reason
[2018-05-08 12:04:13] [INFO] 输入成功
[2018-05-08 12:04:16] [INFO] 找到元素 id: modsubmit
[2018-05-08 12:04:16] [INFO] 点击成功
