[2018-05-08 17:40:49] [INFO] 启动谷歌驱动
[2018-05-08 17:40:52] [INFO] 打开网址http://127.0.0.1/upload
[2018-05-08 17:40:52] [INFO] 找到元素 id: ls_username
[2018-05-08 17:40:52] [INFO] 成功清空
[2018-05-08 17:40:52] [INFO] 找到元素 id: ls_username
[2018-05-08 17:40:52] [INFO] 输入成功
[2018-05-08 17:40:52] [INFO] 找到元素 id: ls_password
[2018-05-08 17:40:52] [INFO] 成功清空
[2018-05-08 17:40:53] [INFO] 找到元素 id: ls_password
[2018-05-08 17:40:53] [INFO] 输入成功
[2018-05-08 17:40:53] [INFO] 找到元素 xpath: //*[@id="lsform"]/div/div/table/tbody/tr[2]/td[3]/button
[2018-05-08 17:40:53] [INFO] 点击成功
[2018-05-08 17:40:53] [INFO] 找到元素 id: scbar_txt
[2018-05-08 17:40:53] [INFO] 成功清空
[2018-05-08 17:40:53] [INFO] 找到元素 id: scbar_txt
[2018-05-08 17:40:53] [INFO] 输入成功
[2018-05-08 17:40:53] [INFO] 找到元素 id: scbar_btn
[2018-05-08 17:40:53] [INFO] 点击成功
[2018-05-08 17:40:53] [INFO] 跳转成功
[2018-05-08 17:40:55] [INFO] 找到元素 class name: xs3
[2018-05-08 17:40:55] [INFO] 点击成功
