[2018-05-09 17:28:36] [INFO] 启动谷歌驱动
[2018-05-09 17:28:40] [INFO] 打开网址http://127.0.0.1/upload
[2018-05-09 17:28:40] [INFO] 开始查找元素：By.id: ls_username
[2018-05-09 17:28:40] [INFO] 找到了元素 [By.id: ls_username]
[2018-05-09 17:28:40] [INFO] 找到元素 id: ls_username
[2018-05-09 17:28:41] [INFO] 成功清空
[2018-05-09 17:28:41] [INFO] 找到元素 id: ls_username
[2018-05-09 17:28:41] [INFO] 输入成功
[2018-05-09 17:28:41] [INFO] 开始查找元素：By.id: ls_password
[2018-05-09 17:28:41] [INFO] 找到了元素 [By.id: ls_password]
[2018-05-09 17:28:41] [INFO] 找到元素 id: ls_password
[2018-05-09 17:28:41] [INFO] 成功清空
[2018-05-09 17:28:41] [INFO] 找到元素 id: ls_password
[2018-05-09 17:28:41] [INFO] 输入成功
[2018-05-09 17:28:41] [INFO] 开始查找元素：By.xpath: //*[@id="lsform"]/div/div/table/tbody/tr[2]/td[3]/button
[2018-05-09 17:28:41] [INFO] 找到了元素 [By.xpath: //*[@id="lsform"]/div/div/table/tbody/tr[2]/td[3]/button]
[2018-05-09 17:28:41] [INFO] 找到元素 xpath: //*[@id="lsform"]/div/div/table/tbody/tr[2]/td[3]/button
[2018-05-09 17:28:41] [INFO] 点击成功
[2018-05-09 17:28:44] [INFO] 开始查找元素：By.xpath: //*[@id="category_1"]/table/tbody/tr[1]/td[2]/h2/a
[2018-05-09 17:28:46] [INFO] 找到了元素 [By.xpath: //*[@id="category_1"]/table/tbody/tr[1]/td[2]/h2/a]
[2018-05-09 17:28:46] [INFO] 找到元素 xpath: //*[@id="category_1"]/table/tbody/tr[1]/td[2]/h2/a
[2018-05-09 17:28:48] [INFO] 点击成功
[2018-05-09 17:28:48] [INFO] 开始查找元素：By.xpath: //*[@id="normalthread_3"]/tr/th/a[2]
[2018-05-09 17:28:58] [ERROR] 超时!! 10 秒之后还没找到元素 [By.xpath: //*[@id="normalthread_3"]/tr/th/a[2]]
[2018-05-09 17:28:58] [INFO] 开始查找元素：By.xpath: //*[@id="um"]/p[1]/a[5]
[2018-05-09 17:28:58] [INFO] 找到了元素 [By.xpath: //*[@id="um"]/p[1]/a[5]]
[2018-05-09 17:28:58] [INFO] 找到元素 xpath: //*[@id="um"]/p[1]/a[5]
[2018-05-09 17:28:59] [INFO] 点击成功
