[2018-05-29 10:26:42] [INFO] 启动谷歌驱动
[2018-05-29 10:26:47] [INFO] 打开网址http://127.0.0.1/upload
[2018-05-29 10:26:47] [INFO] 开始查找元素：By.id: ls_username
[2018-05-29 10:26:47] [INFO] 找到了元素 [By.id: ls_username]
[2018-05-29 10:26:47] [INFO] 找到元素 id: ls_username
[2018-05-29 10:26:47] [INFO] 成功清空
[2018-05-29 10:26:47] [INFO] 找到元素 id: ls_username
[2018-05-29 10:26:47] [INFO] 输入成功
[2018-05-29 10:26:47] [INFO] 开始查找元素：By.id: ls_password
[2018-05-29 10:26:47] [INFO] 找到了元素 [By.id: ls_password]
[2018-05-29 10:26:47] [INFO] 找到元素 id: ls_password
[2018-05-29 10:26:47] [INFO] 成功清空
[2018-05-29 10:26:47] [INFO] 找到元素 id: ls_password
[2018-05-29 10:26:47] [INFO] 输入成功
[2018-05-29 10:26:47] [INFO] 开始查找元素：By.xpath: //*[@id="lsform"]/div/div/table/tbody/tr[2]/td[3]/button
[2018-05-29 10:26:48] [INFO] 找到了元素 [By.xpath: //*[@id="lsform"]/div/div/table/tbody/tr[2]/td[3]/button]
[2018-05-29 10:26:48] [INFO] 找到元素 xpath: //*[@id="lsform"]/div/div/table/tbody/tr[2]/td[3]/button
[2018-05-29 10:26:48] [INFO] 点击成功
[2018-05-29 10:26:51] [INFO] 开始查找元素：By.xpath: //*[@id="um"]/p[1]/a[6]
[2018-05-29 10:26:54] [INFO] 找到了元素 [By.xpath: //*[@id="um"]/p[1]/a[6]]
[2018-05-29 10:26:54] [INFO] 找到元素 xpath: //*[@id="um"]/p[1]/a[6]
[2018-05-29 10:26:54] [INFO] 点击成功
[2018-05-29 10:26:55] [INFO] 跳转成功CDwindow-8C797F6BADA1AEED92A921145EB30B26
[2018-05-29 10:26:55] [INFO] 开始查找元素：By.id: header_forum
[2018-05-29 10:27:05] [INFO] 开始查找元素：By.xpath: //*[@id="um"]/p[1]/a[5]
