[2018-05-09 17:24:10] [INFO] 启动谷歌驱动
[2018-05-09 17:24:14] [INFO] 打开网址http://127.0.0.1/upload
[2018-05-09 17:24:14] [INFO] 开始查找元素：By.id: ls_username
[2018-05-09 17:24:14] [INFO] 找到了元素 [By.id: ls_username]
[2018-05-09 17:24:14] [INFO] 找到元素 id: ls_username
[2018-05-09 17:24:14] [INFO] 成功清空
[2018-05-09 17:24:14] [INFO] 找到元素 id: ls_username
[2018-05-09 17:24:14] [INFO] 输入成功
[2018-05-09 17:24:14] [INFO] 开始查找元素：By.id: ls_password
[2018-05-09 17:24:14] [INFO] 找到了元素 [By.id: ls_password]
[2018-05-09 17:24:14] [INFO] 找到元素 id: ls_password
[2018-05-09 17:24:14] [INFO] 成功清空
[2018-05-09 17:24:14] [INFO] 找到元素 id: ls_password
[2018-05-09 17:24:14] [INFO] 输入成功
[2018-05-09 17:24:14] [INFO] 开始查找元素：By.xpath: //*[@id="lsform"]/div/div/table/tbody/tr[2]/td[3]/button
[2018-05-09 17:24:15] [INFO] 找到了元素 [By.xpath: //*[@id="lsform"]/div/div/table/tbody/tr[2]/td[3]/button]
[2018-05-09 17:24:15] [INFO] 找到元素 xpath: //*[@id="lsform"]/div/div/table/tbody/tr[2]/td[3]/button
[2018-05-09 17:24:15] [INFO] 点击成功
[2018-05-09 17:24:18] [INFO] 开始查找元素：By.xpath: //*[@id="um"]/p[1]/a[6]
[2018-05-09 17:24:20] [INFO] 找到了元素 [By.xpath: //*[@id="um"]/p[1]/a[6]]
[2018-05-09 17:24:20] [INFO] 找到元素 xpath: //*[@id="um"]/p[1]/a[6]
[2018-05-09 17:24:20] [INFO] 点击成功
[2018-05-09 17:24:21] [INFO] 跳转成功CDwindow-0B8175689816F1838D5D6F6C9B2294A1
[2018-05-09 17:24:21] [INFO] 开始查找元素：By.id: header_forum
[2018-05-09 17:24:31] [ERROR] 超时!! 10 秒之后还没找到元素 [By.id: header_forum]
