[2018-05-09 14:17:11] [INFO] 启动谷歌驱动
[2018-05-09 14:17:15] [INFO] 打开网址http://127.0.0.1/upload
[2018-05-09 14:17:15] [INFO] 找到元素 id: ls_username
[2018-05-09 14:17:15] [INFO] 成功清空
[2018-05-09 14:17:15] [INFO] 找到元素 id: ls_username
[2018-05-09 14:17:15] [INFO] 输入成功
[2018-05-09 14:17:15] [INFO] 找到元素 id: ls_password
[2018-05-09 14:17:15] [INFO] 成功清空
[2018-05-09 14:17:15] [INFO] 找到元素 id: ls_password
[2018-05-09 14:17:16] [INFO] 输入成功
[2018-05-09 14:17:16] [INFO] 找到元素 xpath: //*[@id="lsform"]/div/div/table/tbody/tr[2]/td[3]/button
[2018-05-09 14:17:16] [INFO] 点击成功
[2018-05-09 14:17:21] [INFO] 找到元素 xpath: //*[@id="category_1"]/table/tbody/tr[1]/td[2]/h2/a
[2018-05-09 14:17:23] [INFO] 点击成功
[2018-05-09 14:17:23] [INFO] 找到元素 xpath: //*[@id="newspecial"]/img
[2018-05-09 14:17:24] [INFO] 点击成功
[2018-05-09 14:17:26] [INFO] 找到元素 xpath: //*[@id="ct"]/div/ul/li[2]/a
[2018-05-09 14:17:27] [INFO] 点击成功
[2018-05-09 14:17:29] [INFO] 找到元素 id: subject
[2018-05-09 14:17:29] [INFO] 成功清空
[2018-05-09 14:17:29] [INFO] 找到元素 id: subject
[2018-05-09 14:17:30] [INFO] 输入成功
[2018-05-09 14:17:30] [INFO] 找到元素 xpath: //*[@id="pollm_c_1"]/p[1]/input
[2018-05-09 14:17:30] [INFO] 成功清空
[2018-05-09 14:17:30] [INFO] 找到元素 xpath: //*[@id="pollm_c_1"]/p[1]/input
[2018-05-09 14:17:30] [INFO] 输入成功
[2018-05-09 14:17:30] [INFO] 找到元素 xpath: //*[@id="pollm_c_1"]/p[2]/input
[2018-05-09 14:17:30] [INFO] 成功清空
[2018-05-09 14:17:30] [INFO] 找到元素 xpath: //*[@id="pollm_c_1"]/p[2]/input
[2018-05-09 14:17:30] [INFO] 输入成功
[2018-05-09 14:17:32] [INFO] 找到元素 id: postsubmit
[2018-05-09 14:17:32] [INFO] 点击成功
