[2018-05-08 13:56:46] [INFO] 启动谷歌驱动
[2018-05-08 13:56:53] [INFO] 打开网址http://127.0.0.1/upload
[2018-05-08 13:56:54] [INFO] 找到元素 id: ls_username
[2018-05-08 13:56:54] [INFO] 成功清空
[2018-05-08 13:56:54] [INFO] 找到元素 id: ls_username
[2018-05-08 13:56:55] [INFO] 输入成功
[2018-05-08 13:56:55] [INFO] 找到元素 id: ls_password
[2018-05-08 13:56:55] [INFO] 成功清空
[2018-05-08 13:56:55] [INFO] 找到元素 id: ls_password
[2018-05-08 13:56:55] [INFO] 输入成功
[2018-05-08 13:56:55] [INFO] 找到元素 xpath: //*[@id="lsform"]/div/div/table/tbody/tr[2]/td[3]/button
[2018-05-08 13:56:55] [INFO] 点击成功
[2018-05-08 13:57:00] [INFO] 找到元素 xpath: //*[@id="um"]/p[1]/a[6]
[2018-05-08 13:57:00] [INFO] 点击成功
[2018-05-08 13:57:03] [INFO] 跳转成功
[2018-05-08 13:57:09] [INFO] 找到元素 id: header_forum
[2018-05-08 13:57:09] [INFO] 点击成功
[2018-05-08 13:57:14] [INFO] 跳转iframe
[2018-05-08 13:57:15] [INFO] 找到元素 xpath: //*[@id="cpform"]/table/tbody[3]/tr/td[2]/div/a
[2018-05-08 13:57:15] [INFO] 点击成功
[2018-05-08 13:57:19] [INFO] 找到元素 xpath: //*[@id="cpform"]/table/tbody[3]/tr[1]/td[3]/div/input
[2018-05-08 13:57:19] [INFO] 成功清空
[2018-05-08 13:57:19] [INFO] 找到元素 xpath: //*[@id="cpform"]/table/tbody[3]/tr[1]/td[3]/div/input
[2018-05-08 13:57:19] [INFO] 输入成功
[2018-05-08 13:57:22] [INFO] 找到元素 id: submit_editsubmit
[2018-05-08 13:57:22] [INFO] 点击成功
