[2018-05-09 22:32:03] [INFO] 启动谷歌驱动
[2018-05-09 22:32:07] [INFO] 打开网址http://127.0.0.1/upload
[2018-05-09 22:32:07] [INFO] 开始查找元素：By.id: ls_username
[2018-05-09 22:32:07] [INFO] 找到了元素 [By.id: ls_username]
[2018-05-09 22:32:07] [INFO] 找到元素 id: ls_username
[2018-05-09 22:32:07] [INFO] 成功清空
[2018-05-09 22:32:07] [INFO] 找到元素 id: ls_username
[2018-05-09 22:32:08] [INFO] 输入成功
[2018-05-09 22:32:08] [INFO] 开始查找元素：By.id: ls_password
[2018-05-09 22:32:08] [INFO] 找到了元素 [By.id: ls_password]
[2018-05-09 22:32:08] [INFO] 找到元素 id: ls_password
[2018-05-09 22:32:08] [INFO] 成功清空
[2018-05-09 22:32:08] [INFO] 找到元素 id: ls_password
[2018-05-09 22:32:08] [INFO] 输入成功
[2018-05-09 22:32:08] [INFO] 开始查找元素：By.xpath: //*[@id="lsform"]/div/div/table/tbody/tr[2]/td[3]/button
[2018-05-09 22:32:08] [INFO] 找到了元素 [By.xpath: //*[@id="lsform"]/div/div/table/tbody/tr[2]/td[3]/button]
[2018-05-09 22:32:08] [INFO] 找到元素 xpath: //*[@id="lsform"]/div/div/table/tbody/tr[2]/td[3]/button
[2018-05-09 22:32:08] [INFO] 点击成功
[2018-05-09 22:32:11] [INFO] 开始查找元素：By.xpath: //*[@id="category_1"]/table/tbody/tr[1]/td[2]/h2/a
[2018-05-09 22:32:14] [INFO] 找到了元素 [By.xpath: //*[@id="category_1"]/table/tbody/tr[1]/td[2]/h2/a]
[2018-05-09 22:32:14] [INFO] 找到元素 xpath: //*[@id="category_1"]/table/tbody/tr[1]/td[2]/h2/a
[2018-05-09 22:32:15] [INFO] 点击成功
[2018-05-09 22:32:15] [INFO] 开始查找元素：By.xpath: //*[@id="newspecial"]/img
[2018-05-09 22:32:16] [INFO] 找到了元素 [By.xpath: //*[@id="newspecial"]/img]
[2018-05-09 22:32:16] [INFO] 找到元素 xpath: //*[@id="newspecial"]/img
[2018-05-09 22:32:18] [INFO] 点击成功
[2018-05-09 22:32:18] [INFO] 开始查找元素：By.xpath: //*[@id="ct"]/div/ul/li[2]/a
[2018-05-09 22:32:18] [INFO] 找到了元素 [By.xpath: //*[@id="ct"]/div/ul/li[2]/a]
[2018-05-09 22:32:18] [INFO] 找到元素 xpath: //*[@id="ct"]/div/ul/li[2]/a
[2018-05-09 22:32:20] [INFO] 点击成功
[2018-05-09 22:32:20] [INFO] 开始查找元素：By.id: subject
[2018-05-09 22:32:20] [INFO] 找到了元素 [By.id: subject]
[2018-05-09 22:32:20] [INFO] 找到元素 id: subject
[2018-05-09 22:32:20] [INFO] 成功清空
[2018-05-09 22:32:20] [INFO] 找到元素 id: subject
[2018-05-09 22:32:20] [INFO] 输入成功
[2018-05-09 22:32:20] [INFO] 开始查找元素：By.xpath: //*[@id="pollm_c_1"]/p[1]/input
[2018-05-09 22:32:20] [INFO] 找到了元素 [By.xpath: //*[@id="pollm_c_1"]/p[1]/input]
[2018-05-09 22:32:20] [INFO] 找到元素 xpath: //*[@id="pollm_c_1"]/p[1]/input
[2018-05-09 22:32:20] [INFO] 成功清空
[2018-05-09 22:32:20] [INFO] 找到元素 xpath: //*[@id="pollm_c_1"]/p[1]/input
[2018-05-09 22:32:20] [INFO] 输入成功
[2018-05-09 22:32:20] [INFO] 开始查找元素：By.xpath: //*[@id="pollm_c_1"]/p[2]/input
[2018-05-09 22:32:20] [INFO] 找到了元素 [By.xpath: //*[@id="pollm_c_1"]/p[2]/input]
[2018-05-09 22:32:20] [INFO] 找到元素 xpath: //*[@id="pollm_c_1"]/p[2]/input
[2018-05-09 22:32:20] [INFO] 成功清空
[2018-05-09 22:32:20] [INFO] 找到元素 xpath: //*[@id="pollm_c_1"]/p[2]/input
[2018-05-09 22:32:20] [INFO] 输入成功
[2018-05-09 22:32:20] [INFO] 开始查找元素：By.id: postsubmit
[2018-05-09 22:32:21] [INFO] 找到了元素 [By.id: postsubmit]
[2018-05-09 22:32:21] [INFO] 找到元素 id: postsubmit
[2018-05-09 22:32:21] [INFO] 点击成功
[2018-05-09 22:32:21] [INFO] 开始查找元素：By.xpath: //*[@id="um"]/p[1]/a[5]
[2018-05-09 22:32:21] [INFO] 找到了元素 [By.xpath: //*[@id="um"]/p[1]/a[5]]
[2018-05-09 22:32:21] [INFO] 找到元素 xpath: //*[@id="um"]/p[1]/a[5]
[2018-05-09 22:32:25] [INFO] 点击成功
