[2018-05-08 09:17:02] [INFO] 启动谷歌驱动
[2018-05-08 09:17:05] [INFO] 打开网址http://127.0.0.1/upload
[2018-05-08 09:17:06] [INFO] 找到元素 id: ls_username
[2018-05-08 09:17:06] [INFO] 成功清空
[2018-05-08 09:17:06] [INFO] 找到元素 id: ls_username
[2018-05-08 09:17:06] [INFO] 输入成功
[2018-05-08 09:17:06] [INFO] 找到元素 id: ls_password
[2018-05-08 09:17:06] [INFO] 成功清空
[2018-05-08 09:17:06] [INFO] 找到元素 id: ls_password
[2018-05-08 09:17:07] [INFO] 输入成功
[2018-05-08 09:17:07] [INFO] 找到元素 xpath: //*[@id="lsform"]/div/div/table/tbody/tr[2]/td[3]/button
[2018-05-08 09:17:07] [INFO] 点击成功
[2018-05-08 09:17:12] [INFO] 找到元素 xpath: //*[@id="category_1"]/table/tbody/tr[1]/td[2]/h2/a
[2018-05-08 09:17:13] [INFO] 点击成功
[2018-05-08 09:17:13] [INFO] 找到元素 id: subject
[2018-05-08 09:17:13] [INFO] 成功清空
[2018-05-08 09:17:13] [INFO] 找到元素 id: subject
[2018-05-08 09:17:14] [INFO] 输入成功
[2018-05-08 09:17:14] [INFO] 找到元素 id: fastpostmessage
[2018-05-08 09:17:14] [INFO] 成功清空
[2018-05-08 09:17:14] [INFO] 找到元素 id: fastpostmessage
[2018-05-08 09:17:14] [INFO] 输入成功
[2018-05-08 09:17:14] [INFO] 找到元素 id: fastpostsubmit
[2018-05-08 09:17:14] [INFO] 点击成功
