[2018-05-29 10:27:44] [INFO] 启动谷歌驱动
[2018-05-29 10:27:46] [INFO] 打开网址http://127.0.0.1/upload
[2018-05-29 10:27:46] [INFO] 开始查找元素：By.id: ls_username
[2018-05-29 10:27:47] [INFO] 找到了元素 [By.id: ls_username]
[2018-05-29 10:27:47] [INFO] 找到元素 id: ls_username
[2018-05-29 10:27:47] [INFO] 成功清空
[2018-05-29 10:27:47] [INFO] 找到元素 id: ls_username
[2018-05-29 10:27:47] [INFO] 输入成功
[2018-05-29 10:27:47] [INFO] 开始查找元素：By.id: ls_password
[2018-05-29 10:27:47] [INFO] 找到了元素 [By.id: ls_password]
[2018-05-29 10:27:47] [INFO] 找到元素 id: ls_password
[2018-05-29 10:27:47] [INFO] 成功清空
[2018-05-29 10:27:47] [INFO] 找到元素 id: ls_password
[2018-05-29 10:27:47] [INFO] 输入成功
[2018-05-29 10:27:47] [INFO] 开始查找元素：By.xpath: //*[@id="lsform"]/div/div/table/tbody/tr[2]/td[3]/button
[2018-05-29 10:27:47] [INFO] 找到了元素 [By.xpath: //*[@id="lsform"]/div/div/table/tbody/tr[2]/td[3]/button]
[2018-05-29 10:27:47] [INFO] 找到元素 xpath: //*[@id="lsform"]/div/div/table/tbody/tr[2]/td[3]/button
[2018-05-29 10:27:47] [INFO] 点击成功
[2018-05-29 10:27:50] [INFO] 开始查找元素：By.xpath: //*[@id="category_1"]/table/tbody/tr[1]/td[2]/h2/a
[2018-05-29 10:27:52] [INFO] 找到了元素 [By.xpath: //*[@id="category_1"]/table/tbody/tr[1]/td[2]/h2/a]
[2018-05-29 10:27:52] [INFO] 找到元素 xpath: //*[@id="category_1"]/table/tbody/tr[1]/td[2]/h2/a
[2018-05-29 10:27:54] [INFO] 点击成功
[2018-05-29 10:27:54] [INFO] 开始查找元素：By.id: subject
[2018-05-29 10:27:54] [INFO] 找到了元素 [By.id: subject]
[2018-05-29 10:27:54] [INFO] 找到元素 id: subject
[2018-05-29 10:27:54] [INFO] 成功清空
[2018-05-29 10:27:54] [INFO] 找到元素 id: subject
[2018-05-29 10:27:54] [INFO] 输入成功
[2018-05-29 10:27:54] [INFO] 开始查找元素：By.id: fastpostmessage
[2018-05-29 10:27:54] [INFO] 找到了元素 [By.id: fastpostmessage]
[2018-05-29 10:27:54] [INFO] 找到元素 id: fastpostmessage
[2018-05-29 10:27:55] [INFO] 成功清空
[2018-05-29 10:27:55] [INFO] 找到元素 id: fastpostmessage
[2018-05-29 10:27:55] [INFO] 输入成功
[2018-05-29 10:27:55] [INFO] 开始查找元素：By.id: fastpostsubmit
[2018-05-29 10:27:55] [INFO] 找到了元素 [By.id: fastpostsubmit]
[2018-05-29 10:27:55] [INFO] 找到元素 id: fastpostsubmit
[2018-05-29 10:27:55] [INFO] 点击成功
[2018-05-29 10:27:55] [INFO] 开始查找元素：By.xpath: //*[@id="um"]/p[1]/a[5]
[2018-05-29 10:27:55] [INFO] 找到了元素 [By.xpath: //*[@id="um"]/p[1]/a[5]]
[2018-05-29 10:27:55] [INFO] 找到元素 xpath: //*[@id="um"]/p[1]/a[5]
