[2018-05-30 14:50:06] [INFO] 启动谷歌驱动
[2018-05-30 14:50:11] [INFO] 打开网址http://127.0.0.1/upload
[2018-05-30 14:50:11] [INFO] 开始查找元素：By.id: ls_username
[2018-05-30 14:50:11] [INFO] 找到了元素 [By.id: ls_username]
[2018-05-30 14:50:11] [INFO] 找到元素 id: ls_username
[2018-05-30 14:50:11] [INFO] 成功清空
[2018-05-30 14:50:11] [INFO] 找到元素 id: ls_username
[2018-05-30 14:50:11] [INFO] 输入成功
[2018-05-30 14:50:11] [INFO] 开始查找元素：By.id: ls_password
[2018-05-30 14:50:11] [INFO] 找到了元素 [By.id: ls_password]
[2018-05-30 14:50:11] [INFO] 找到元素 id: ls_password
[2018-05-30 14:50:11] [INFO] 成功清空
[2018-05-30 14:50:11] [INFO] 找到元素 id: ls_password
[2018-05-30 14:50:11] [INFO] 输入成功
[2018-05-30 14:50:11] [INFO] 开始查找元素：By.xpath: //*[@id="lsform"]/div/div/table/tbody/tr[2]/td[3]/button
[2018-05-30 14:50:11] [INFO] 找到了元素 [By.xpath: //*[@id="lsform"]/div/div/table/tbody/tr[2]/td[3]/button]
[2018-05-30 14:50:11] [INFO] 找到元素 xpath: //*[@id="lsform"]/div/div/table/tbody/tr[2]/td[3]/button
[2018-05-30 14:50:11] [INFO] 点击成功
[2018-05-30 14:50:14] [INFO] 开始查找元素：By.xpath: //*[@id="um"]/p[1]/a[6]
[2018-05-30 14:50:17] [INFO] 找到了元素 [By.xpath: //*[@id="um"]/p[1]/a[6]]
[2018-05-30 14:50:17] [INFO] 找到元素 xpath: //*[@id="um"]/p[1]/a[6]
[2018-05-30 14:50:17] [INFO] 点击成功
[2018-05-30 14:50:17] [INFO] 跳转成功CDwindow-76F6A95D5124AA2ECA8700995B7002AE
[2018-05-30 14:50:17] [INFO] 开始查找元素：By.id: header_forum
[2018-05-30 14:50:28] [ERROR] 超时!! 10 秒之后还没找到元素 [By.id: header_forum]
[2018-05-30 14:50:28] [INFO] 开始查找元素：By.xpath: //*[@id="um"]/p[1]/a[5]
[2018-05-30 14:50:39] [ERROR] 超时!! 10 秒之后还没找到元素 [By.xpath: //*[@id="um"]/p[1]/a[5]]
