[2018-05-30 14:49:38] [INFO] 启动谷歌驱动
[2018-05-30 14:49:44] [INFO] 打开网址http://127.0.0.1/upload
[2018-05-30 14:49:44] [INFO] 开始查找元素：By.id: ls_username
[2018-05-30 14:49:44] [INFO] 找到了元素 [By.id: ls_username]
[2018-05-30 14:49:45] [INFO] 找到元素 id: ls_username
[2018-05-30 14:49:45] [INFO] 成功清空
[2018-05-30 14:49:45] [INFO] 找到元素 id: ls_username
[2018-05-30 14:49:45] [INFO] 输入成功
[2018-05-30 14:49:45] [INFO] 开始查找元素：By.id: ls_password
[2018-05-30 14:49:45] [INFO] 找到了元素 [By.id: ls_password]
[2018-05-30 14:49:45] [INFO] 找到元素 id: ls_password
[2018-05-30 14:49:45] [INFO] 成功清空
[2018-05-30 14:49:45] [INFO] 找到元素 id: ls_password
[2018-05-30 14:49:45] [INFO] 输入成功
[2018-05-30 14:49:45] [INFO] 开始查找元素：By.xpath: //*[@id="lsform"]/div/div/table/tbody/tr[2]/td[3]/button
[2018-05-30 14:49:45] [INFO] 找到了元素 [By.xpath: //*[@id="lsform"]/div/div/table/tbody/tr[2]/td[3]/button]
[2018-05-30 14:49:45] [INFO] 找到元素 xpath: //*[@id="lsform"]/div/div/table/tbody/tr[2]/td[3]/button
[2018-05-30 14:49:45] [INFO] 点击成功
[2018-05-30 14:49:48] [INFO] 开始查找元素：By.id: scbar_txt
[2018-05-30 14:49:48] [INFO] 找到了元素 [By.id: scbar_txt]
[2018-05-30 14:49:48] [INFO] 找到元素 id: scbar_txt
[2018-05-30 14:49:48] [INFO] 成功清空
[2018-05-30 14:49:48] [INFO] 找到元素 id: scbar_txt
[2018-05-30 14:49:48] [INFO] 输入成功
[2018-05-30 14:49:48] [INFO] 开始查找元素：By.id: scbar_btn
[2018-05-30 14:49:48] [INFO] 找到了元素 [By.id: scbar_btn]
[2018-05-30 14:49:48] [INFO] 找到元素 id: scbar_btn
[2018-05-30 14:49:48] [INFO] 点击成功
[2018-05-30 14:49:49] [INFO] 跳转成功CDwindow-74ED0AFCAEF79BE9D4097759141509DE
[2018-05-30 14:49:49] [INFO] 开始查找元素：By.linkText: hello，你好
[2018-05-30 14:49:56] [INFO] 找到了元素 [By.linkText: hello，你好]
[2018-05-30 14:49:56] [INFO] 找到元素 link text: hello，你好
[2018-05-30 14:49:56] [INFO] 点击成功
[2018-05-30 14:49:56] [INFO] 跳转成功CDwindow-05660634FE59B0BC18935FB051379A3F
[2018-05-30 14:49:56] [INFO] 跳转成功CDwindow-74ED0AFCAEF79BE9D4097759141509DE
[2018-05-30 14:49:56] [INFO] 跳转成功CDwindow-0065C012EB1295F18BAF05263120124B
[2018-05-30 14:49:59] [ERROR] 预期标题：hello，你好实际标题为：hello，你好 - 专有分区 - Discuz! Board - Powered by Discuz!
[2018-05-30 14:49:59] [INFO] 找到了对应的标题;hello，你好 - 专有分区 - Discuz! Board - Powered by Discuz!
[2018-05-30 14:49:59] [INFO] 开始查找元素：By.xpath: //*[@id="um"]/p[1]/a[5]
[2018-05-30 14:49:59] [INFO] 找到了元素 [By.xpath: //*[@id="um"]/p[1]/a[5]]
[2018-05-30 14:49:59] [INFO] 找到元素 xpath: //*[@id="um"]/p[1]/a[5]
[2018-05-30 14:50:00] [INFO] 点击成功
