[2018-05-08 17:55:12] [INFO] 启动谷歌驱动
[2018-05-08 17:55:16] [INFO] 打开网址http://127.0.0.1/upload
[2018-05-08 17:55:16] [INFO] 找到元素 id: ls_username
[2018-05-08 17:55:16] [INFO] 成功清空
[2018-05-08 17:55:16] [INFO] 找到元素 id: ls_username
[2018-05-08 17:55:16] [INFO] 输入成功
[2018-05-08 17:55:16] [INFO] 找到元素 id: ls_password
[2018-05-08 17:55:16] [INFO] 成功清空
[2018-05-08 17:55:16] [INFO] 找到元素 id: ls_password
[2018-05-08 17:55:16] [INFO] 输入成功
[2018-05-08 17:55:16] [INFO] 找到元素 xpath: //*[@id="lsform"]/div/div/table/tbody/tr[2]/td[3]/button
[2018-05-08 17:55:16] [INFO] 点击成功
[2018-05-08 17:55:16] [INFO] 找到元素 id: scbar_txt
[2018-05-08 17:55:16] [INFO] 成功清空
[2018-05-08 17:55:16] [INFO] 找到元素 id: scbar_txt
[2018-05-08 17:55:16] [INFO] 输入成功
[2018-05-08 17:55:16] [INFO] 找到元素 id: scbar_btn
[2018-05-08 17:55:16] [INFO] 点击成功
[2018-05-08 17:55:16] [INFO] 跳转成功
[2018-05-08 17:55:20] [INFO] 找到元素 link text: hello，你好
[2018-05-08 17:55:20] [INFO] 点击成功
[2018-05-08 17:55:20] [INFO] 跳转成功
[2018-05-08 17:55:20] [INFO] 跳转成功
[2018-05-08 17:55:20] [INFO] 跳转成功
[2018-05-08 17:55:23] [ERROR] 预期标题：hello，你好实际标题为：hello，你好 - 专有分区 - Discuz! Board - Powered by Discuz!
[2018-05-08 17:55:23] [INFO] 找到了对应的标题;hello，你好 - 专有分区 - Discuz! Board - Powered by Discuz!
