[2018-05-08 10:04:48] [INFO] 启动谷歌驱动
[2018-05-08 10:04:52] [INFO] 打开网址http://127.0.0.1/upload
[2018-05-08 10:04:53] [INFO] 找到元素 id: ls_username
[2018-05-08 10:04:53] [INFO] 成功清空
[2018-05-08 10:04:53] [INFO] 找到元素 id: ls_username
[2018-05-08 10:04:53] [INFO] 输入成功
[2018-05-08 10:04:53] [INFO] 找到元素 id: ls_password
[2018-05-08 10:04:53] [INFO] 成功清空
[2018-05-08 10:04:53] [INFO] 找到元素 id: ls_password
[2018-05-08 10:04:53] [INFO] 输入成功
[2018-05-08 10:04:53] [INFO] 找到元素 xpath: //*[@id="lsform"]/div/div/table/tbody/tr[2]/td[3]/button
[2018-05-08 10:04:53] [INFO] 点击成功
[2018-05-08 10:04:59] [INFO] 找到元素 xpath: //*[@id="category_1"]/table/tbody/tr[1]/td[2]/h2/a
[2018-05-08 10:05:00] [INFO] 点击成功
[2018-05-08 10:05:01] [INFO] 找到元素 xpath: //*[@id="normalthread_3"]/tr/th/a[2]
[2018-05-08 10:05:03] [INFO] 点击成功
[2018-05-08 10:05:04] [INFO] 找到元素 xpath: //*[@id="post_reply"]/img
[2018-05-08 10:05:05] [INFO] 点击成功
[2018-05-08 10:05:07] [INFO] 找到元素 id: postmessage
[2018-05-08 10:05:07] [INFO] 成功清空
[2018-05-08 10:05:07] [INFO] 找到元素 id: postmessage
[2018-05-08 10:05:07] [INFO] 输入成功
[2018-05-08 10:05:08] [INFO] 找到元素 xpath: //*[@id="postsubmit"]/span
[2018-05-08 10:05:08] [INFO] 点击成功
