[2018-05-09 17:19:18] [INFO] 启动谷歌驱动
[2018-05-09 17:19:22] [INFO] 打开网址http://127.0.0.1/upload
[2018-05-09 17:19:22] [INFO] 开始查找元素：By.id: ls_username
[2018-05-09 17:19:22] [INFO] 找到了元素 [By.id: ls_username]
[2018-05-09 17:19:22] [INFO] 找到元素 id: ls_username
[2018-05-09 17:19:22] [INFO] 成功清空
[2018-05-09 17:19:22] [INFO] 找到元素 id: ls_username
[2018-05-09 17:19:23] [INFO] 输入成功
[2018-05-09 17:19:23] [INFO] 开始查找元素：By.id: ls_password
[2018-05-09 17:19:23] [INFO] 找到了元素 [By.id: ls_password]
[2018-05-09 17:19:23] [INFO] 找到元素 id: ls_password
[2018-05-09 17:19:23] [INFO] 成功清空
[2018-05-09 17:19:23] [INFO] 找到元素 id: ls_password
[2018-05-09 17:19:23] [INFO] 输入成功
[2018-05-09 17:19:23] [INFO] 开始查找元素：By.xpath: //*[@id="lsform"]/div/div/table/tbody/tr[2]/td[3]/button
[2018-05-09 17:19:23] [INFO] 找到了元素 [By.xpath: //*[@id="lsform"]/div/div/table/tbody/tr[2]/td[3]/button]
[2018-05-09 17:19:23] [INFO] 找到元素 xpath: //*[@id="lsform"]/div/div/table/tbody/tr[2]/td[3]/button
[2018-05-09 17:19:23] [INFO] 点击成功
[2018-05-09 17:19:23] [INFO] 开始查找元素：By.xpath: //*[@id="category_1"]/table/tbody/tr[1]/td[2]/h2/a
[2018-05-09 17:19:23] [INFO] 找到了元素 [By.xpath: //*[@id="category_1"]/table/tbody/tr[1]/td[2]/h2/a]
[2018-05-09 17:19:23] [INFO] 找到元素 xpath: //*[@id="category_1"]/table/tbody/tr[1]/td[2]/h2/a
[2018-05-09 17:19:24] [INFO] 点击成功
[2018-05-09 17:19:24] [INFO] 开始查找元素：By.id: subject
[2018-05-09 17:19:25] [INFO] 找到了元素 [By.id: subject]
[2018-05-09 17:19:25] [INFO] 找到元素 id: subject
[2018-05-09 17:19:25] [INFO] 成功清空
[2018-05-09 17:19:25] [INFO] 找到元素 id: subject
[2018-05-09 17:19:25] [INFO] 输入成功
[2018-05-09 17:19:25] [INFO] 开始查找元素：By.id: fastpostmessage
