[2018-05-08 11:51:45] [INFO] 启动谷歌驱动
[2018-05-08 11:51:55] [INFO] 打开网址http://127.0.0.1/upload
[2018-05-08 11:51:56] [INFO] 找到元素 id: ls_username
[2018-05-08 11:51:56] [INFO] 成功清空
[2018-05-08 11:51:56] [INFO] 找到元素 id: ls_username
[2018-05-08 11:51:56] [INFO] 输入成功
[2018-05-08 11:51:56] [INFO] 找到元素 id: ls_password
[2018-05-08 11:51:56] [INFO] 成功清空
[2018-05-08 11:51:56] [INFO] 找到元素 id: ls_password
[2018-05-08 11:51:56] [INFO] 输入成功
[2018-05-08 11:51:56] [INFO] 找到元素 xpath: //*[@id="lsform"]/div/div/table/tbody/tr[2]/td[3]/button
[2018-05-08 11:51:56] [INFO] 点击成功
[2018-05-08 11:52:02] [INFO] 找到元素 xpath: //*[@id="category_1"]/table/tbody/tr[1]/td[2]/h2/a
[2018-05-08 11:52:03] [INFO] 点击成功
[2018-05-08 11:52:05] [INFO] 找到元素 name: moderate[]
[2018-05-08 11:52:05] [INFO] 点击成功
[2018-05-08 11:52:08] [INFO] 找到元素 xpath: //*[@id="mdly"]/p[1]/strong[1]/a
[2018-05-08 11:52:08] [INFO] 点击成功
[2018-05-08 11:52:11] [INFO] 找到元素 class name: dpbtn
[2018-05-08 11:52:11] [INFO] 点击成功
[2018-05-08 11:52:11] [INFO] 找到元素 class name: dpbtn
