[2018-05-08 17:43:36] [INFO] 启动谷歌驱动
[2018-05-08 17:43:40] [INFO] 打开网址http://127.0.0.1/upload
[2018-05-08 17:43:40] [INFO] 找到元素 id: ls_username
[2018-05-08 17:43:40] [INFO] 成功清空
[2018-05-08 17:43:40] [INFO] 找到元素 id: ls_username
[2018-05-08 17:43:40] [INFO] 输入成功
[2018-05-08 17:43:40] [INFO] 找到元素 id: ls_password
[2018-05-08 17:43:40] [INFO] 成功清空
[2018-05-08 17:43:40] [INFO] 找到元素 id: ls_password
[2018-05-08 17:43:40] [INFO] 输入成功
[2018-05-08 17:43:40] [INFO] 找到元素 xpath: //*[@id="lsform"]/div/div/table/tbody/tr[2]/td[3]/button
[2018-05-08 17:43:40] [INFO] 点击成功
[2018-05-08 17:43:40] [INFO] 找到元素 id: scbar_txt
[2018-05-08 17:43:40] [INFO] 成功清空
[2018-05-08 17:43:40] [INFO] 找到元素 id: scbar_txt
[2018-05-08 17:43:40] [INFO] 输入成功
[2018-05-08 17:43:40] [INFO] 找到元素 id: scbar_btn
[2018-05-08 17:43:40] [INFO] 点击成功
[2018-05-08 17:43:40] [INFO] 跳转成功
[2018-05-08 17:43:43] [INFO] 找到元素 link text: hello，你好
[2018-05-08 17:43:44] [INFO] 点击成功
