[2018-05-29 10:26:10] [INFO] 启动谷歌驱动
[2018-05-29 10:26:22] [INFO] 打开网址http://127.0.0.1/upload
[2018-05-29 10:26:23] [INFO] 开始查找元素：By.id: ls_username
[2018-05-29 10:26:24] [INFO] 找到了元素 [By.id: ls_username]
[2018-05-29 10:26:24] [INFO] 找到元素 id: ls_username
[2018-05-29 10:26:24] [INFO] 成功清空
[2018-05-29 10:26:24] [INFO] 找到元素 id: ls_username
[2018-05-29 10:26:25] [INFO] 输入成功
[2018-05-29 10:26:25] [INFO] 开始查找元素：By.id: ls_password
[2018-05-29 10:26:25] [INFO] 找到了元素 [By.id: ls_password]
[2018-05-29 10:26:25] [INFO] 找到元素 id: ls_password
[2018-05-29 10:26:25] [INFO] 成功清空
[2018-05-29 10:26:25] [INFO] 找到元素 id: ls_password
[2018-05-29 10:26:25] [INFO] 输入成功
[2018-05-29 10:26:25] [INFO] 开始查找元素：By.xpath: //*[@id="lsform"]/div/div/table/tbody/tr[2]/td[3]/button
[2018-05-29 10:26:25] [INFO] 找到了元素 [By.xpath: //*[@id="lsform"]/div/div/table/tbody/tr[2]/td[3]/button]
[2018-05-29 10:26:25] [INFO] 找到元素 xpath: //*[@id="lsform"]/div/div/table/tbody/tr[2]/td[3]/button
[2018-05-29 10:26:25] [INFO] 点击成功
[2018-05-29 10:26:28] [INFO] 开始查找元素：By.id: scbar_txt
[2018-05-29 10:26:32] [INFO] 找到了元素 [By.id: scbar_txt]
[2018-05-29 10:26:32] [INFO] 找到元素 id: scbar_txt
[2018-05-29 10:26:32] [INFO] 成功清空
[2018-05-29 10:26:32] [INFO] 找到元素 id: scbar_txt
[2018-05-29 10:26:33] [INFO] 输入成功
[2018-05-29 10:26:33] [INFO] 开始查找元素：By.id: scbar_btn
[2018-05-29 10:26:33] [INFO] 找到了元素 [By.id: scbar_btn]
[2018-05-29 10:26:33] [INFO] 找到元素 id: scbar_btn
[2018-05-29 10:26:33] [INFO] 开始查找元素：By.xpath: //*[@id="um"]/p[1]/a[5]
[2018-05-29 10:26:33] [INFO] 找到了元素 [By.xpath: //*[@id="um"]/p[1]/a[5]]
[2018-05-29 10:26:33] [INFO] 找到元素 xpath: //*[@id="um"]/p[1]/a[5]
[2018-05-29 10:26:35] [INFO] 点击成功
