[2018-05-09 17:25:03] [INFO] 启动谷歌驱动
[2018-05-09 17:25:06] [INFO] 打开网址http://127.0.0.1/upload
[2018-05-09 17:25:06] [INFO] 开始查找元素：By.id: ls_username
[2018-05-09 17:25:06] [INFO] 找到了元素 [By.id: ls_username]
[2018-05-09 17:25:06] [INFO] 找到元素 id: ls_username
[2018-05-09 17:25:06] [INFO] 成功清空
[2018-05-09 17:25:06] [INFO] 找到元素 id: ls_username
[2018-05-09 17:25:06] [INFO] 输入成功
[2018-05-09 17:25:06] [INFO] 开始查找元素：By.id: ls_password
[2018-05-09 17:25:06] [INFO] 找到了元素 [By.id: ls_password]
[2018-05-09 17:25:06] [INFO] 找到元素 id: ls_password
[2018-05-09 17:25:07] [INFO] 成功清空
[2018-05-09 17:25:07] [INFO] 找到元素 id: ls_password
[2018-05-09 17:25:07] [INFO] 输入成功
[2018-05-09 17:25:07] [INFO] 开始查找元素：By.xpath: //*[@id="lsform"]/div/div/table/tbody/tr[2]/td[3]/button
[2018-05-09 17:25:07] [INFO] 找到了元素 [By.xpath: //*[@id="lsform"]/div/div/table/tbody/tr[2]/td[3]/button]
[2018-05-09 17:25:07] [INFO] 找到元素 xpath: //*[@id="lsform"]/div/div/table/tbody/tr[2]/td[3]/button
[2018-05-09 17:25:07] [INFO] 点击成功
[2018-05-09 17:25:10] [INFO] 开始查找元素：By.xpath: //*[@id="um"]/p[1]/a[6]
[2018-05-09 17:25:12] [INFO] 找到了元素 [By.xpath: //*[@id="um"]/p[1]/a[6]]
[2018-05-09 17:25:12] [INFO] 找到元素 xpath: //*[@id="um"]/p[1]/a[6]
[2018-05-09 17:25:12] [INFO] 点击成功
[2018-05-09 17:25:12] [INFO] 跳转成功CDwindow-7047EB844D71AE00DFBE903CB6E37AD8
[2018-05-09 17:25:12] [INFO] 开始查找元素：By.id: header_forum
[2018-05-09 17:25:35] [INFO] 找到了元素 [By.id: header_forum]
[2018-05-09 17:25:35] [INFO] 找到元素 id: header_forum
[2018-05-09 17:25:36] [INFO] 点击成功
[2018-05-09 17:25:36] [INFO] 跳转iframe
[2018-05-09 17:25:36] [INFO] 开始查找元素：By.xpath: //*[@id="cpform"]/table/tbody[3]/tr/td[2]/div/a
[2018-05-09 17:25:38] [INFO] 找到了元素 [By.xpath: //*[@id="cpform"]/table/tbody[3]/tr/td[2]/div/a]
[2018-05-09 17:25:38] [INFO] 找到元素 xpath: //*[@id="cpform"]/table/tbody[3]/tr/td[2]/div/a
[2018-05-09 17:25:38] [INFO] 点击成功
[2018-05-09 17:25:38] [INFO] 开始查找元素：By.xpath: //*[@id="cpform"]/table/tbody[3]/tr[1]/td[3]/div/input
[2018-05-09 17:25:38] [INFO] 找到了元素 [By.xpath: //*[@id="cpform"]/table/tbody[3]/tr[1]/td[3]/div/input]
[2018-05-09 17:25:38] [INFO] 找到元素 xpath: //*[@id="cpform"]/table/tbody[3]/tr[1]/td[3]/div/input
[2018-05-09 17:25:38] [INFO] 成功清空
[2018-05-09 17:25:38] [INFO] 找到元素 xpath: //*[@id="cpform"]/table/tbody[3]/tr[1]/td[3]/div/input
[2018-05-09 17:25:38] [INFO] 输入成功
[2018-05-09 17:25:38] [INFO] 开始查找元素：By.id: submit_editsubmit
[2018-05-09 17:25:38] [INFO] 找到了元素 [By.id: submit_editsubmit]
[2018-05-09 17:25:38] [INFO] 找到元素 id: submit_editsubmit
[2018-05-09 17:25:38] [INFO] 点击成功
